<?xml version="1.0" encoding="UTF-8"?>
<!-- Generated by org.testng.reporters.JUnitReportReporter -->
<testsuite skipped="0" hostname="MANISH" name="com.airtel.qa.testcases.PopularSectionPageTest" tests="1" failures="0" timestamp="2020-07-25T21:06:55 IST" time="59.492" errors="0">
  <testcase name="itemsWithLowestPrice" time="59.492" classname="com.airtel.qa.testcases.PopularSectionPageTest"/>
  <system-out/>
</testsuite> <!-- com.airtel.qa.testcases.PopularSectionPageTest -->
