<?xml version="1.0" encoding="UTF-8"?>
<!-- Generated by org.testng.reporters.JUnitReportReporter -->
<testsuite skipped="0" hostname="MANISH" name="com.airtel.qa.testcases.PopularItemsWithDiscountTest" tests="1" failures="0" timestamp="2020-07-07T14:49:51 IST" time="27.698" errors="0">
  <testcase name="discountItemsTest" time="27.698" classname="com.airtel.qa.testcases.PopularItemsWithDiscountTest"/>
  <system-out/>
</testsuite> <!-- com.airtel.qa.testcases.PopularItemsWithDiscountTest -->
