<?xml version="1.0" encoding="UTF-8"?>
<!-- Generated by org.testng.reporters.JUnitReportReporter -->
<testsuite hostname="MANISH" failures="0" tests="1" name="com.airtel.qa.testcases.PopularSectionPageTest" time="46.393" errors="0" timestamp="2021-08-07T16:37:57 IST" skipped="0">
  <testcase classname="com.airtel.qa.testcases.PopularSectionPageTest" name="itemsWithLowestPrice" time="46.393"/>
  <system-out/>
</testsuite> <!-- com.airtel.qa.testcases.PopularSectionPageTest -->
