<?xml version="1.0" encoding="UTF-8"?>
<!-- Generated by org.testng.reporters.JUnitReportReporter -->
<testsuite skipped="0" hostname="MANISH" name="com.airtel.qa.testcases.PopularSectionPageTest" tests="1" failures="0" timestamp="2020-07-06T20:29:28 IST" time="54.888" errors="0">
  <testcase name="itemsWithLowestPrice" time="54.888" classname="com.airtel.qa.testcases.PopularSectionPageTest"/>
  <system-out/>
</testsuite> <!-- com.airtel.qa.testcases.PopularSectionPageTest -->
