<?xml version="1.0" encoding="UTF-8"?>
<!-- Generated by org.testng.reporters.JUnitReportReporter -->
<testsuite hostname="MANISH" failures="0" tests="1" name="com.airtel.qa.testcases.PopularSectionPageTest" time="63.987" errors="0" timestamp="2020-11-21T16:48:41 IST" skipped="0">
  <testcase classname="com.airtel.qa.testcases.PopularSectionPageTest" name="itemsWithLowestPrice" time="63.987"/>
  <system-out/>
</testsuite> <!-- com.airtel.qa.testcases.PopularSectionPageTest -->
