<?xml version="1.0" encoding="UTF-8"?>
<!-- Generated by org.testng.reporters.JUnitReportReporter -->
<testsuite hostname="MANISH" failures="0" tests="1" name="com.airtel.qa.testcases.PopularSectionPageTest" time="21.306" errors="0" timestamp="2020-10-26T12:17:07 IST" skipped="0">
  <testcase classname="com.airtel.qa.testcases.PopularSectionPageTest" name="itemsWithLowestPrice" time="21.306"/>
  <system-out/>
</testsuite> <!-- com.airtel.qa.testcases.PopularSectionPageTest -->
