<?xml version="1.0" encoding="UTF-8"?>
<!-- Generated by org.testng.reporters.JUnitReportReporter -->
<testsuite skipped="0" hostname="MANISH" name="com.airtel.qa.testcases.PopularSectionPageTest" tests="1" failures="0" timestamp="2020-07-06T19:49:14 IST" time="30.219" errors="0">
  <testcase name="itemsWithLowestPrice" time="30.219" classname="com.airtel.qa.testcases.PopularSectionPageTest"/>
  <system-out/>
</testsuite> <!-- com.airtel.qa.testcases.PopularSectionPageTest -->
